<?xml version="1.0" encoding="UTF-8"?>
<!-- Generated by org.testng.reporters.JUnitXMLReporter -->
<testsuite ignored="0" hostname="DESKTOP-UPUA3P9" failures="1" tests="2" name="Test" time="23.911" errors="0" timestamp="2022-10-07T18:23:02 IST">
  <testcase classname="Com.Test.Test_1" name="Test_1" time="13.605">
    <failure type="java.lang.AssertionError" message="expected [Log in to acebook] but found [Log in to Facebook]">
      <![CDATA[java.lang.AssertionError: expected [Log in to acebook] but found [Log in to Facebook]
at Com.Test.Test_1.Test_1(Test_1.java:22)
at java.base/java.util.ArrayList.forEach(ArrayList.java:1511)
... Removed 31 stack frames]]>
    </failure>
  </testcase> <!-- Test_1 -->
  <testcase classname="Com.Test.Test_2" name="test2" time="0.006"/>
</testsuite> <!-- Test -->
